{"D:\\code\\src\\github.com\\loitd\\vue-quick-template\\src\\modules\\vue-all-auth\\index.js": {"path":"D:\\code\\src\\github.com\\loitd\\vue-quick-template\\src\\modules\\vue-all-auth\\index.js","statementMap":{"0":{"start":{"line":7,"column":4},"end":{"line":7,"column":40}},"1":{"start":{"line":8,"column":4},"end":{"line":15,"column":7}},"2":{"start":{"line":10,"column":29},"end":{"line":10,"column":61}},"3":{"start":{"line":11,"column":8},"end":{"line":11,"column":87}},"4":{"start":{"line":14,"column":8},"end":{"line":14,"column":50}},"5":{"start":{"line":19,"column":4},"end":{"line":19,"column":37}},"6":{"start":{"line":20,"column":4},"end":{"line":28,"column":7}},"7":{"start":{"line":25,"column":8},"end":{"line":27,"column":11}},"8":{"start":{"line":26,"column":12},"end":{"line":26,"column":51}},"9":{"start":{"line":32,"column":4},"end":{"line":51,"column":6}},"10":{"start":{"line":33,"column":8},"end":{"line":50,"column":9}},"11":{"start":{"line":35,"column":12},"end":{"line":35,"column":66}},"12":{"start":{"line":36,"column":12},"end":{"line":42,"column":14}},"13":{"start":{"line":38,"column":16},"end":{"line":38,"column":42}},"14":{"start":{"line":41,"column":16},"end":{"line":41,"column":25}},"15":{"start":{"line":43,"column":15},"end":{"line":50,"column":9}},"16":{"start":{"line":45,"column":12},"end":{"line":45,"column":72}},"17":{"start":{"line":46,"column":12},"end":{"line":49,"column":14}},"18":{"start":{"line":48,"column":16},"end":{"line":48,"column":25}},"19":{"start":{"line":71,"column":4},"end":{"line":82,"column":6}},"20":{"start":{"line":76,"column":8},"end":{"line":76,"column":35}},"21":{"start":{"line":81,"column":8},"end":{"line":81,"column":28}},"22":{"start":{"line":88,"column":4},"end":{"line":92,"column":6}},"23":{"start":{"line":89,"column":8},"end":{"line":89,"column":25}},"24":{"start":{"line":91,"column":8},"end":{"line":91,"column":28}},"25":{"start":{"line":98,"column":4},"end":{"line":112,"column":5}},"26":{"start":{"line":99,"column":8},"end":{"line":99,"column":39}},"27":{"start":{"line":101,"column":18},"end":{"line":101,"column":53}},"28":{"start":{"line":102,"column":8},"end":{"line":102,"column":25}},"29":{"start":{"line":104,"column":25},"end":{"line":104,"column":78}},"30":{"start":{"line":105,"column":8},"end":{"line":105,"column":32}},"31":{"start":{"line":107,"column":22},"end":{"line":107,"column":50}},"32":{"start":{"line":108,"column":8},"end":{"line":108,"column":29}},"33":{"start":{"line":109,"column":8},"end":{"line":109,"column":131}},"34":{"start":{"line":111,"column":8},"end":{"line":111,"column":54}},"35":{"start":{"line":118,"column":17},"end":{"line":154,"column":1}},"36":{"start":{"line":143,"column":8},"end":{"line":150,"column":9}},"37":{"start":{"line":144,"column":12},"end":{"line":149,"column":13}},"38":{"start":{"line":156,"column":0},"end":{"line":156,"column":28}}},"fnMap":{"0":{"name":"installClient","decl":{"start":{"line":5,"column":9},"end":{"line":5,"column":22}},"loc":{"start":{"line":5,"column":24},"end":{"line":16,"column":1}},"line":5},"1":{"name":"(anonymous_1)","decl":{"start":{"line":8,"column":23},"end":{"line":8,"column":24}},"loc":{"start":{"line":8,"column":48},"end":{"line":15,"column":5}},"line":8},"2":{"name":"initClient","decl":{"start":{"line":18,"column":9},"end":{"line":18,"column":19}},"loc":{"start":{"line":18,"column":27},"end":{"line":29,"column":1}},"line":18},"3":{"name":"(anonymous_3)","decl":{"start":{"line":20,"column":23},"end":{"line":20,"column":24}},"loc":{"start":{"line":20,"column":48},"end":{"line":28,"column":5}},"line":20},"4":{"name":"(anonymous_4)","decl":{"start":{"line":25,"column":34},"end":{"line":25,"column":35}},"loc":{"start":{"line":25,"column":44},"end":{"line":27,"column":9}},"line":25},"5":{"name":"init","decl":{"start":{"line":31,"column":9},"end":{"line":31,"column":13}},"loc":{"start":{"line":31,"column":15},"end":{"line":52,"column":1}},"line":31},"6":{"name":"(anonymous_6)","decl":{"start":{"line":32,"column":23},"end":{"line":32,"column":24}},"loc":{"start":{"line":32,"column":48},"end":{"line":51,"column":5}},"line":32},"7":{"name":"(anonymous_7)","decl":{"start":{"line":36,"column":33},"end":{"line":36,"column":34}},"loc":{"start":{"line":36,"column":43},"end":{"line":39,"column":13}},"line":36},"8":{"name":"(anonymous_8)","decl":{"start":{"line":39,"column":20},"end":{"line":39,"column":21}},"loc":{"start":{"line":39,"column":30},"end":{"line":42,"column":13}},"line":39},"9":{"name":"(anonymous_9)","decl":{"start":{"line":46,"column":37},"end":{"line":46,"column":38}},"loc":{"start":{"line":46,"column":47},"end":{"line":49,"column":13}},"line":46},"10":{"name":"signIn","decl":{"start":{"line":67,"column":9},"end":{"line":67,"column":15}},"loc":{"start":{"line":67,"column":47},"end":{"line":84,"column":1}},"line":67},"11":{"name":"(anonymous_11)","decl":{"start":{"line":71,"column":54},"end":{"line":71,"column":55}},"loc":{"start":{"line":71,"column":74},"end":{"line":77,"column":5}},"line":71},"12":{"name":"(anonymous_12)","decl":{"start":{"line":77,"column":7},"end":{"line":77,"column":8}},"loc":{"start":{"line":77,"column":22},"end":{"line":82,"column":5}},"line":77},"13":{"name":"signOut","decl":{"start":{"line":87,"column":9},"end":{"line":87,"column":16}},"loc":{"start":{"line":87,"column":48},"end":{"line":93,"column":1}},"line":87},"14":{"name":"(anonymous_14)","decl":{"start":{"line":88,"column":55},"end":{"line":88,"column":56}},"loc":{"start":{"line":88,"column":65},"end":{"line":90,"column":5}},"line":88},"15":{"name":"(anonymous_15)","decl":{"start":{"line":90,"column":7},"end":{"line":90,"column":8}},"loc":{"start":{"line":90,"column":22},"end":{"line":92,"column":5}},"line":90},"16":{"name":"printInfo","decl":{"start":{"line":97,"column":9},"end":{"line":97,"column":18}},"loc":{"start":{"line":97,"column":20},"end":{"line":113,"column":1}},"line":97},"17":{"name":"(anonymous_17)","decl":{"start":{"line":124,"column":13},"end":{"line":124,"column":14}},"loc":{"start":{"line":124,"column":35},"end":{"line":153,"column":5}},"line":124},"18":{"name":"(anonymous_18)","decl":{"start":{"line":143,"column":22},"end":{"line":143,"column":23}},"loc":{"start":{"line":143,"column":32},"end":{"line":150,"column":9}},"line":143}},"branchMap":{"0":{"loc":{"start":{"line":33,"column":8},"end":{"line":50,"column":9}},"type":"if","locations":[{"start":{"line":33,"column":8},"end":{"line":50,"column":9}},{"start":{"line":33,"column":8},"end":{"line":50,"column":9}}],"line":33},"1":{"loc":{"start":{"line":43,"column":15},"end":{"line":50,"column":9}},"type":"if","locations":[{"start":{"line":43,"column":15},"end":{"line":50,"column":9}},{"start":{"line":43,"column":15},"end":{"line":50,"column":9}}],"line":43},"2":{"loc":{"start":{"line":43,"column":19},"end":{"line":43,"column":79}},"type":"binary-expr","locations":[{"start":{"line":43,"column":19},"end":{"line":43,"column":44}},{"start":{"line":43,"column":48},"end":{"line":43,"column":79}}],"line":43},"3":{"loc":{"start":{"line":98,"column":4},"end":{"line":112,"column":5}},"type":"if","locations":[{"start":{"line":98,"column":4},"end":{"line":112,"column":5}},{"start":{"line":98,"column":4},"end":{"line":112,"column":5}}],"line":98}},"s":{"0":0,"1":0,"2":0,"3":0,"4":0,"5":0,"6":0,"7":0,"8":0,"9":0,"10":0,"11":0,"12":0,"13":0,"14":0,"15":0,"16":0,"17":0,"18":0,"19":0,"20":0,"21":0,"22":0,"23":0,"24":0,"25":0,"26":0,"27":0,"28":0,"29":0,"30":0,"31":0,"32":0,"33":0,"34":0,"35":0,"36":0,"37":0,"38":0},"f":{"0":0,"1":0,"2":0,"3":0,"4":0,"5":0,"6":0,"7":0,"8":0,"9":0,"10":0,"11":0,"12":0,"13":0,"14":0,"15":0,"16":0,"17":0,"18":0},"b":{"0":[0,0],"1":[0,0],"2":[0,0],"3":[0,0]}}
,"D:\\code\\src\\github.com\\loitd\\vue-quick-template\\src\\modules\\vue-all-auth\\components\\Counter.vue": {"path":"D:\\code\\src\\github.com\\loitd\\vue-quick-template\\src\\modules\\vue-all-auth\\components\\Counter.vue","statementMap":{"0":{"start":{"line":11,"column":0},"end":{"line":11,"column":null}},"1":{"start":{"line":18,"column":0},"end":{"line":18,"column":null}}},"fnMap":{"0":{"name":"data","decl":{"start":{"line":10,"column":0},"end":{"line":10,"column":null}},"loc":{"start":{"line":10,"column":0},"end":{"line":14,"column":null}}},"1":{"name":"increment","decl":{"start":{"line":17,"column":0},"end":{"line":17,"column":null}},"loc":{"start":{"line":17,"column":0},"end":{"line":19,"column":null}}}},"branchMap":{},"s":{"0":2,"1":0},"f":{"0":2,"1":0},"b":{}}
}
