TN:
SF:D:\code\src\github.com\loitd\vue-quick-template\src\modules\vue-all-auth\index.js
FN:5,installClient
FN:8,(anonymous_1)
FN:18,initClient
FN:20,(anonymous_3)
FN:25,(anonymous_4)
FN:31,init
FN:32,(anonymous_6)
FN:36,(anonymous_7)
FN:39,(anonymous_8)
FN:46,(anonymous_9)
FN:67,signIn
FN:71,(anonymous_11)
FN:77,(anonymous_12)
FN:87,signOut
FN:88,(anonymous_14)
FN:90,(anonymous_15)
FN:97,printInfo
FN:124,(anonymous_17)
FN:143,(anonymous_18)
FNF:19
FNH:0
FNDA:0,installClient
FNDA:0,(anonymous_1)
FNDA:0,initClient
FNDA:0,(anonymous_3)
FNDA:0,(anonymous_4)
FNDA:0,init
FNDA:0,(anonymous_6)
FNDA:0,(anonymous_7)
FNDA:0,(anonymous_8)
FNDA:0,(anonymous_9)
FNDA:0,signIn
FNDA:0,(anonymous_11)
FNDA:0,(anonymous_12)
FNDA:0,signOut
FNDA:0,(anonymous_14)
FNDA:0,(anonymous_15)
FNDA:0,printInfo
FNDA:0,(anonymous_17)
FNDA:0,(anonymous_18)
DA:7,0
DA:8,0
DA:10,0
DA:11,0
DA:14,0
DA:19,0
DA:20,0
DA:25,0
DA:26,0
DA:32,0
DA:33,0
DA:35,0
DA:36,0
DA:38,0
DA:41,0
DA:43,0
DA:45,0
DA:46,0
DA:48,0
DA:71,0
DA:76,0
DA:81,0
DA:88,0
DA:89,0
DA:91,0
DA:98,0
DA:99,0
DA:101,0
DA:102,0
DA:104,0
DA:105,0
DA:107,0
DA:108,0
DA:109,0
DA:111,0
DA:118,0
DA:143,0
DA:144,0
DA:156,0
LF:39
LH:0
BRDA:33,0,0,0
BRDA:33,0,1,0
BRDA:43,1,0,0
BRDA:43,1,1,0
BRDA:43,2,0,0
BRDA:43,2,1,0
BRDA:98,3,0,0
BRDA:98,3,1,0
BRF:8
BRH:0
end_of_record
TN:
SF:D:\code\src\github.com\loitd\vue-quick-template\src\modules\vue-all-auth\components\Counter.vue
FN:10,data
FN:17,increment
FNF:2
FNH:1
FNDA:2,data
FNDA:0,increment
DA:11,2
DA:18,0
LF:2
LH:1
BRF:0
BRH:0
end_of_record
